0 info it worked if it ends with ok
1 verbose cli [ '/usr/local/bin/node', '/usr/local/bin/npm', 'run', 'debug' ]
2 info using npm@3.10.3
3 info using node@v6.4.0
4 verbose run-script [ 'predebug', 'debug', 'postdebug' ]
5 info lifecycle Bizly-Web@0.1.48~predebug: Bizly-Web@0.1.48
6 silly lifecycle Bizly-Web@0.1.48~predebug: no script for predebug, continuing
7 info lifecycle Bizly-Web@0.1.48~debug: Bizly-Web@0.1.48
8 verbose lifecycle Bizly-Web@0.1.48~debug: unsafe-perm in lifecycle true
9 verbose lifecycle Bizly-Web@0.1.48~debug: PATH: /usr/local/lib/node_modules/npm/bin/node-gyp-bin:/Volumes/DATA/Work/CurrentJob/GitHub/biz-ssr-simplified/node_modules/.bin:/usr/local/bin:/Library/Frameworks/Python.framework/Versions/3.5/bin:/opt/local/bin:/opt/local/sbin:/usr/local/kde4/bin:/Library/Frameworks/Python.framework/Versions/3.4/bin:/Users/borysrosicky/.rvm/gems/ruby-2.2.4/bin:/Users/borysrosicky/.rvm/gems/ruby-2.2.4@global/bin:/Users/borysrosicky/.rvm/rubies/ruby-2.2.4/bin:/usr/local/heroku/bin:/Users/borysrosicky/.rbenv/shims:/usr/local/bin:/usr/local/bin:/usr/local/bin:/usr/local/bin:/usr/local/bin:/usr/local/bin:/usr/local/bin:/usr/bin:/bin:/usr/sbin:/sbin:/usr/local/git/bin:/Users/borysrosicky/.rvm/bin:/Users/borysrosicky/android-sdks/platform-tools/:/Users/borysrosicky/android/sdk/platform-tools/:/Users/borysrosicky/Library/Android/sdk/platform-tools:/opt/local/bin:/opt/local/sbin:/usr/bin/c++:/usr/bin/make
10 verbose lifecycle Bizly-Web@0.1.48~debug: CWD: /Volumes/DATA/Work/CurrentJob/GitHub/biz-ssr-simplified
11 silly lifecycle Bizly-Web@0.1.48~debug: Args: [ '-c', 'webpack && export NODE_ENV=development && node main' ]
12 silly lifecycle Bizly-Web@0.1.48~debug: Returned: code: 1  signal: null
13 info lifecycle Bizly-Web@0.1.48~debug: Failed to exec debug script
14 verbose stack Error: Bizly-Web@0.1.48 debug: `webpack && export NODE_ENV=development && node main`
14 verbose stack Exit status 1
14 verbose stack     at EventEmitter.<anonymous> (/usr/local/lib/node_modules/npm/lib/utils/lifecycle.js:242:16)
14 verbose stack     at emitTwo (events.js:106:13)
14 verbose stack     at EventEmitter.emit (events.js:191:7)
14 verbose stack     at ChildProcess.<anonymous> (/usr/local/lib/node_modules/npm/lib/utils/spawn.js:40:14)
14 verbose stack     at emitTwo (events.js:106:13)
14 verbose stack     at ChildProcess.emit (events.js:191:7)
14 verbose stack     at maybeClose (internal/child_process.js:852:16)
14 verbose stack     at Process.ChildProcess._handle.onexit (internal/child_process.js:215:5)
15 verbose pkgid Bizly-Web@0.1.48
16 verbose cwd /Volumes/DATA/Work/CurrentJob/GitHub/biz-ssr-simplified
17 error Darwin 15.6.0
18 error argv "/usr/local/bin/node" "/usr/local/bin/npm" "run" "debug"
19 error node v6.4.0
20 error npm  v3.10.3
21 error code ELIFECYCLE
22 error Bizly-Web@0.1.48 debug: `webpack && export NODE_ENV=development && node main`
22 error Exit status 1
23 error Failed at the Bizly-Web@0.1.48 debug script 'webpack && export NODE_ENV=development && node main'.
23 error Make sure you have the latest version of node.js and npm installed.
23 error If you do, this is most likely a problem with the Bizly-Web package,
23 error not with npm itself.
23 error Tell the author that this fails on your system:
23 error     webpack && export NODE_ENV=development && node main
23 error You can get information on how to open an issue for this project with:
23 error     npm bugs Bizly-Web
23 error Or if that isn't available, you can get their info via:
23 error     npm owner ls Bizly-Web
23 error There is likely additional logging output above.
24 verbose exit [ 1, true ]
